<?xml version="1.0" encoding="UTF-8"?>
<!-- Generated by org.testng.reporters.JUnitXMLReporter -->
<testsuite hostname="kj" name="MySecWebdriverTest" tests="8" failures="0" timestamp="2 Oct 2016 07:03:25 GMT" time="1.67" errors="0">
  <testcase name="startWebdriver" time="1.486" classname="pack2.NgWebTest"/>
  <testcase name="testMethodOne" time="0.006" classname="pack2.NgWebTest"/>
  <testcase name="testMethodTwo" time="0.003" classname="pack2.NgWebTest"/>
  <testcase name="verifyTitle" time="0.083" classname="pack2.NgWebTest"/>
  <testcase name="testMethodFour" time="0.002" classname="pack2.NgWebTest"/>
  <testcase name="testMethodFive" time="0.003" classname="pack2.NgWebTest"/>
  <testcase name="testMethodSix" time="0.001" classname="pack2.NgWebTest"/>
  <testcase name="testMethodThree" time="0.005" classname="pack2.NgWebTest"/>
</testsuite> <!-- MySecWebdriverTest -->
