<?xml version="1.0" encoding="UTF-8"?>
<testng-results skipped="0" failed="0" total="3" passed="3">
  <reporter-output>
  </reporter-output>
  <suite name="Surefire suite" duration-ms="2855" started-at="2016-10-03T10:27:58Z" finished-at="2016-10-03T10:28:00Z">
    <groups>
    </groups>
    <test name="Surefire test" duration-ms="2855" started-at="2016-10-03T10:27:58Z" finished-at="2016-10-03T10:28:00Z">
      <class name="pack2.NgWebTest">
        <test-method status="PASS" signature="beforeTest()[pri:0, instance:pack2.NgWebTest@7c30a502]" name="beforeTest" is-config="true" duration-ms="1774" started-at="2016-10-03T12:27:58Z" finished-at="2016-10-03T12:27:59Z">
          <reporter-output>
          </reporter-output>
        </test-method> <!-- beforeTest -->
        <test-method status="PASS" signature="startWebdriver()[pri:0, instance:pack2.NgWebTest@7c30a502]" name="startWebdriver" duration-ms="896" started-at="2016-10-03T12:27:59Z" finished-at="2016-10-03T12:28:00Z">
          <reporter-output>
          </reporter-output>
        </test-method> <!-- startWebdriver -->
        <test-method status="PASS" signature="testMethodOne()[pri:0, instance:pack2.NgWebTest@7c30a502]" name="testMethodOne" duration-ms="1" started-at="2016-10-03T12:28:00Z" finished-at="2016-10-03T12:28:00Z">
          <reporter-output>
          </reporter-output>
        </test-method> <!-- testMethodOne -->
        <test-method status="PASS" signature="verifyTitle()[pri:0, instance:pack2.NgWebTest@7c30a502]" name="verifyTitle" duration-ms="107" started-at="2016-10-03T12:28:00Z" finished-at="2016-10-03T12:28:00Z">
          <reporter-output>
          </reporter-output>
        </test-method> <!-- verifyTitle -->
        <test-method status="PASS" signature="afterTest()[pri:0, instance:pack2.NgWebTest@7c30a502]" name="afterTest" is-config="true" duration-ms="67" started-at="2016-10-03T12:28:00Z" finished-at="2016-10-03T12:28:00Z">
          <reporter-output>
          </reporter-output>
        </test-method> <!-- afterTest -->
      </class> <!-- pack2.NgWebTest -->
    </test> <!-- Surefire test -->
  </suite> <!-- Surefire suite -->
</testng-results>
